<?xml version="1.0" encoding="UTF-8"?>
<coverage generated="1548126110109" clover="3.2.0">
  <project timestamp="1548126110109" name="All files">
    <metrics statements="5" coveredstatements="4" conditionals="2" coveredconditionals="1" methods="1" coveredmethods="1" elements="8" coveredelements="6" complexity="0" loc="5" ncloc="5" packages="1" files="1" classes="1">
      <file name="index.ts" path="C:\Users\gopin\work\sampleserver\src\index.ts">
        <metrics statements="5" coveredstatements="4" conditionals="2" coveredconditionals="1" methods="1" coveredmethods="1"/>
        <line num="1" count="1" type="stmt"/>
        <line num="3" count="1" type="cond" truecount="1" falsecount="1"/>
        <line num="5" count="1" type="stmt"/>
        <line num="8" count="0" type="stmt"/>
        <line num="10" count="1" type="stmt"/>
      </file>
    </metrics>
  </project>
</coverage>
